<?xml version="1.0" encoding="UTF-8"?>
<!-- Generated by org.testng.reporters.JUnitReportReporter -->
<testsuite hostname="discusit" name="com.jaymukul.sample.VerifyLogin" tests="1" failures="0" timestamp="30 Jun 2018 13:09:04 GMT" time="6.479" errors="0">
  <testcase name="LoginIntoDemoPractice" time="6.479" classname="com.jaymukul.sample.VerifyLogin"/>
</testsuite> <!-- com.jaymukul.sample.VerifyLogin -->
